#
# There is insufficient memory for the Java Runtime Environment to continue.
# Native memory allocation (malloc) failed to allocate 32744 bytes for ChunkPool::allocate
# Possible reasons:
#   The system is out of physical RAM or swap space
#   In 32 bit mode, the process size limit was hit
# Possible solutions:
#   Reduce memory load on the system
#   Increase physical memory or swap space
#   Check if swap backing store is full
#   Use 64 bit Java on a 64 bit OS
#   Decrease Java heap size (-Xmx/-Xms)
#   Decrease number of Java threads
#   Decrease Java thread stack sizes (-Xss)
#   Set larger code cache with -XX:ReservedCodeCacheSize=
# This output file may be truncated or incomplete.
#
#  Out of Memory Error (allocation.cpp:273), pid=17780, tid=22272
#
# JRE version: Java(TM) SE Runtime Environment (8.0_31-b13) (build 1.8.0_31-b13)
# Java VM: Java HotSpot(TM) 64-Bit Server VM (25.31-b07 mixed mode windows-amd64 compressed oops)
# Failed to write core dump. Minidumps are not enabled by default on client versions of Windows
#

---------------  T H R E A D  ---------------

Current thread (0x000000001e3cb000):  JavaThread "C2 CompilerThread1" daemon [_thread_in_native, id=22272, stack(0x0000000020030000,0x0000000020130000)]

Stack: [0x0000000020030000,0x0000000020130000]
Native frames: (J=compiled Java code, j=interpreted, Vv=VM code, C=native code)
V  [jvm.dll+0x3169ba]


Current CompileTask:
C2:  30702 2601       4       javax.swing.plaf.nimbus.NimbusStyle::validate (1178 bytes)


---------------  P R O C E S S  ---------------

Java Threads: ( => current thread )
  0x000000002aa34000 JavaThread "TimerQueue" daemon [_thread_blocked, id=24532, stack(0x000000002eef0000,0x000000002eff0000)]
  0x000000002a93b000 JavaThread "D3D Screen Updater" daemon [_thread_blocked, id=2752, stack(0x000000002e1e0000,0x000000002e2e0000)]
  0x0000000002950800 JavaThread "DestroyJavaVM" [_thread_blocked, id=1612, stack(0x0000000002850000,0x0000000002950000)]
  0x00000000210a9800 JavaThread "AWT-EventQueue-0" [_thread_in_native, id=21332, stack(0x0000000022bf0000,0x0000000022cf0000)]
  0x000000002109b800 JavaThread "AWT-Windows" daemon [_thread_in_native, id=23824, stack(0x0000000021890000,0x0000000021990000)]
  0x0000000021098000 JavaThread "AWT-Shutdown" [_thread_blocked, id=5632, stack(0x0000000021790000,0x0000000021890000)]
  0x0000000021097800 JavaThread "Java2D Disposer" daemon [_thread_blocked, id=14412, stack(0x0000000021690000,0x0000000021790000)]
  0x000000001e4a8800 JavaThread "Service Thread" daemon [_thread_blocked, id=19840, stack(0x0000000020b30000,0x0000000020c30000)]
  0x000000001e3e3000 JavaThread "C1 CompilerThread11" daemon [_thread_blocked, id=14272, stack(0x0000000020a30000,0x0000000020b30000)]
  0x000000001e3e1800 JavaThread "C1 CompilerThread10" daemon [_thread_blocked, id=16316, stack(0x0000000020930000,0x0000000020a30000)]
  0x000000001e3e6000 JavaThread "C1 CompilerThread9" daemon [_thread_blocked, id=7980, stack(0x0000000020830000,0x0000000020930000)]
  0x000000001e3e3800 JavaThread "C1 CompilerThread8" daemon [_thread_in_vm, id=6364, stack(0x0000000020730000,0x0000000020830000)]
  0x000000001e3e4800 JavaThread "C2 CompilerThread7" daemon [_thread_blocked, id=19748, stack(0x0000000020630000,0x0000000020730000)]
  0x000000001e3e5000 JavaThread "C2 CompilerThread6" daemon [_thread_blocked, id=2692, stack(0x0000000020530000,0x0000000020630000)]
  0x000000001e3e7800 JavaThread "C2 CompilerThread5" daemon [_thread_blocked, id=508, stack(0x0000000020430000,0x0000000020530000)]
  0x000000001e3dc000 JavaThread "C2 CompilerThread4" daemon [_thread_blocked, id=19272, stack(0x0000000020330000,0x0000000020430000)]
  0x000000001e3d2800 JavaThread "C2 CompilerThread3" daemon [_thread_in_native, id=6460, stack(0x0000000020230000,0x0000000020330000)]
  0x000000001e3cb800 JavaThread "C2 CompilerThread2" daemon [_thread_blocked, id=19032, stack(0x0000000020130000,0x0000000020230000)]
=>0x000000001e3cb000 JavaThread "C2 CompilerThread1" daemon [_thread_in_native, id=22272, stack(0x0000000020030000,0x0000000020130000)]
  0x000000001e3c9000 JavaThread "C2 CompilerThread0" daemon [_thread_blocked, id=17568, stack(0x000000001ff30000,0x0000000020030000)]
  0x000000001e3c7800 JavaThread "Attach Listener" daemon [_thread_blocked, id=5696, stack(0x000000001fe30000,0x000000001ff30000)]
  0x000000001e3c2800 JavaThread "Signal Dispatcher" daemon [_thread_blocked, id=21608, stack(0x000000001fd30000,0x000000001fe30000)]
  0x000000001c93c800 JavaThread "Finalizer" daemon [_thread_blocked, id=10816, stack(0x000000001fc30000,0x000000001fd30000)]
  0x000000001e395800 JavaThread "Reference Handler" daemon [_thread_blocked, id=17768, stack(0x000000001fb30000,0x000000001fc30000)]

Other Threads:
  0x000000001e390800 VMThread [stack: 0x000000001fa30000,0x000000001fb30000] [id=14032]
  0x000000001e4ac800 WatcherThread [stack: 0x0000000020c30000,0x0000000020d30000] [id=14096]

VM state:not at safepoint (normal execution)

VM Mutex/Monitor currently owned by a thread:  ([mutex/lock_event])
[0x00000000027ec320] CompiledIC_lock - owner thread: 0x000000001e3e3800

Heap:
 PSYoungGen      total 140800K, used 31465K [0x000000076b580000, 0x0000000774980000, 0x00000007c0000000)
  eden space 130048K, 24% used [0x000000076b580000,0x000000076d43a7a0,0x0000000773480000)
  from space 10752K, 0% used [0x0000000773f00000,0x0000000773f00000,0x0000000774980000)
  to   space 10752K, 0% used [0x0000000773480000,0x0000000773480000,0x0000000773f00000)
 ParOldGen       total 119296K, used 21372K [0x00000006c2000000, 0x00000006c9480000, 0x000000076b580000)
  object space 119296K, 17% used [0x00000006c2000000,0x00000006c34df258,0x00000006c9480000)
 Metaspace       used 29654K, capacity 29858K, committed 30208K, reserved 1075200K
  class space    used 3676K, capacity 3729K, committed 3840K, reserved 1048576K

Card table byte_map: [0x0000000011e10000,0x0000000012610000] byte_map_base: 0x000000000e800000

Marking Bits: (ParMarkBitMap*) 0x00000000516cd4f0
 Begin Bits: [0x0000000013860000, 0x00000000177e0000)
 End Bits:   [0x00000000177e0000, 0x000000001b760000)

Polling page: 0x0000000000ad0000

CodeCache: size=245760Kb used=9953Kb max_used=9959Kb free=235806Kb
 bounds [0x0000000002a50000, 0x0000000003420000, 0x0000000011a50000]
 total_blobs=3219 nmethods=2603 adapters=526
 compilation: disabled (not enough contiguous free space left)

Compilation events (10 events):
Event: 30.649 Thread 0x000000001e3e1800 nmethod 2596 0x0000000003405510 code [0x0000000003405720, 0x00000000034061e8]
Event: 30.649 Thread 0x000000001e3e3000 nmethod 2594 0x00000000034067d0 code [0x0000000003406ac0, 0x0000000003407628]
Event: 30.650 Thread 0x000000001e3e6000 nmethod 2593 0x0000000003407bd0 code [0x0000000003407f60, 0x0000000003409e98]
Event: 30.655 Thread 0x000000001e3e3800 2599       3       javax.swing.JComponent::getInsets (23 bytes)
Event: 30.655 Thread 0x000000001e3e3800 nmethod 2599 0x000000000340b7d0 code [0x000000000340b960, 0x000000000340bcd8]
Event: 30.662 Thread 0x000000001e3e1800 2600       3       javax.swing.JPanel::getUIClassID (3 bytes)
Event: 30.663 Thread 0x000000001e3e1800 nmethod 2600 0x000000000340bdd0 code [0x000000000340bf20, 0x000000000340c070]
Event: 30.690 Thread 0x000000001e3cb000 2601       4       javax.swing.plaf.nimbus.NimbusStyle::validate (1178 bytes)
Event: 30.690 Thread 0x000000001e3e5000 2602       4       javax.swing.plaf.nimbus.NimbusStyle$CacheKey::hashCode (27 bytes)
Event: 30.691 Thread 0x000000001e3e5000 nmethod 2602 0x000000000340ee90 code [0x000000000340efc0, 0x000000000340f178]

GC Heap History (6 events):
Event: 0.741 GC heap before
{Heap before GC invocations=1 (full 0):
 PSYoungGen      total 75776K, used 65024K [0x000000076b580000, 0x0000000770a00000, 0x00000007c0000000)
  eden space 65024K, 100% used [0x000000076b580000,0x000000076f500000,0x000000076f500000)
  from space 10752K, 0% used [0x000000076ff80000,0x000000076ff80000,0x0000000770a00000)
  to   space 10752K, 0% used [0x000000076f500000,0x000000076f500000,0x000000076ff80000)
 ParOldGen       total 173568K, used 0K [0x00000006c2000000, 0x00000006cc980000, 0x000000076b580000)
  object space 173568K, 0% used [0x00000006c2000000,0x00000006c2000000,0x00000006cc980000)
 Metaspace       used 20743K, capacity 20946K, committed 21248K, reserved 1067008K
  class space    used 2642K, capacity 2703K, committed 2816K, reserved 1048576K
Event: 0.749 GC heap after
Heap after GC invocations=1 (full 0):
 PSYoungGen      total 75776K, used 10735K [0x000000076b580000, 0x0000000774980000, 0x00000007c0000000)
  eden space 65024K, 0% used [0x000000076b580000,0x000000076b580000,0x000000076f500000)
  from space 10752K, 99% used [0x000000076f500000,0x000000076ff7bdf8,0x000000076ff80000)
  to   space 10752K, 0% used [0x0000000773f00000,0x0000000773f00000,0x0000000774980000)
 ParOldGen       total 173568K, used 3723K [0x00000006c2000000, 0x00000006cc980000, 0x000000076b580000)
  object space 173568K, 2% used [0x00000006c2000000,0x00000006c23a2ce0,0x00000006cc980000)
 Metaspace       used 20743K, capacity 20946K, committed 21248K, reserved 1067008K
  class space    used 2642K, capacity 2703K, committed 2816K, reserved 1048576K
}
Event: 0.854 GC heap before
{Heap before GC invocations=2 (full 0):
 PSYoungGen      total 75776K, used 60415K [0x000000076b580000, 0x0000000774980000, 0x00000007c0000000)
  eden space 65024K, 76% used [0x000000076b580000,0x000000076e603eb0,0x000000076f500000)
  from space 10752K, 99% used [0x000000076f500000,0x000000076ff7bdf8,0x000000076ff80000)
  to   space 10752K, 0% used [0x0000000773f00000,0x0000000773f00000,0x0000000774980000)
 ParOldGen       total 173568K, used 3723K [0x00000006c2000000, 0x00000006cc980000, 0x000000076b580000)
  object space 173568K, 2% used [0x00000006c2000000,0x00000006c23a2ce0,0x00000006cc980000)
 Metaspace       used 20876K, capacity 21106K, committed 21248K, reserved 1067008K
  class space    used 2655K, capacity 2735K, committed 2816K, reserved 1048576K
Event: 0.866 GC heap after
Heap after GC invocations=2 (full 0):
 PSYoungGen      total 140800K, used 10735K [0x000000076b580000, 0x0000000774980000, 0x00000007c0000000)
  eden space 130048K, 0% used [0x000000076b580000,0x000000076b580000,0x0000000773480000)
  from space 10752K, 99% used [0x0000000773f00000,0x000000077497bfc8,0x0000000774980000)
  to   space 10752K, 0% used [0x0000000773480000,0x0000000773480000,0x0000000773f00000)
 ParOldGen       total 173568K, used 15520K [0x00000006c2000000, 0x00000006cc980000, 0x000000076b580000)
  object space 173568K, 8% used [0x00000006c2000000,0x00000006c2f28130,0x00000006cc980000)
 Metaspace       used 20876K, capacity 21106K, committed 21248K, reserved 1067008K
  class space    used 2655K, capacity 2735K, committed 2816K, reserved 1048576K
}
Event: 0.866 GC heap before
{Heap before GC invocations=3 (full 1):
 PSYoungGen      total 140800K, used 10735K [0x000000076b580000, 0x0000000774980000, 0x00000007c0000000)
  eden space 130048K, 0% used [0x000000076b580000,0x000000076b580000,0x0000000773480000)
  from space 10752K, 99% used [0x0000000773f00000,0x000000077497bfc8,0x0000000774980000)
  to   space 10752K, 0% used [0x0000000773480000,0x0000000773480000,0x0000000773f00000)
 ParOldGen       total 173568K, used 15520K [0x00000006c2000000, 0x00000006cc980000, 0x000000076b580000)
  object space 173568K, 8% used [0x00000006c2000000,0x00000006c2f28130,0x00000006cc980000)
 Metaspace       used 20876K, capacity 21106K, committed 21248K, reserved 1067008K
  class space    used 2655K, capacity 2735K, committed 2816K, reserved 1048576K
Event: 0.886 GC heap after
Heap after GC invocations=3 (full 1):
 PSYoungGen      total 140800K, used 0K [0x000000076b580000, 0x0000000774980000, 0x00000007c0000000)
  eden space 130048K, 0% used [0x000000076b580000,0x000000076b580000,0x0000000773480000)
  from space 10752K, 0% used [0x0000000773f00000,0x0000000773f00000,0x0000000774980000)
  to   space 10752K, 0% used [0x0000000773480000,0x0000000773480000,0x0000000773f00000)
 ParOldGen       total 119296K, used 21372K [0x00000006c2000000, 0x00000006c9480000, 0x000000076b580000)
  object space 119296K, 17% used [0x00000006c2000000,0x00000006c34df258,0x00000006c9480000)
 Metaspace       used 20874K, capacity 21104K, committed 21248K, reserved 1067008K
  class space    used 2654K, capacity 2734K, committed 2816K, reserved 1048576K
}

Deoptimization events (10 events):
Event: 1.105 Thread 0x00000000210a9800 Uncommon trap: reason=class_check action=maybe_recompile pc=0x00000000030dbe40 method=javax.swing.plaf.nimbus.DerivedColor$UIResource.equals(Ljava/lang/Object;)Z @ 1
Event: 1.141 Thread 0x00000000210a9800 Uncommon trap: reason=class_check action=maybe_recompile pc=0x0000000002fea728 method=java.lang.ref.ReferenceQueue.reallyPoll()Ljava/lang/ref/Reference; @ 52
Event: 1.141 Thread 0x00000000210a9800 Uncommon trap: reason=class_check action=maybe_recompile pc=0x0000000002fea728 method=java.lang.ref.ReferenceQueue.reallyPoll()Ljava/lang/ref/Reference; @ 52
Event: 1.181 Thread 0x00000000210a9800 Uncommon trap: reason=class_check action=maybe_recompile pc=0x0000000002db2210 method=java.lang.String.equals(Ljava/lang/Object;)Z @ 8
Event: 1.183 Thread 0x00000000210a9800 Uncommon trap: reason=class_check action=maybe_recompile pc=0x0000000002db2210 method=java.lang.String.equals(Ljava/lang/Object;)Z @ 8
Event: 1.196 Thread 0x00000000210a9800 Uncommon trap: reason=unreached action=reinterpret pc=0x0000000002fe7f84 method=java.lang.ref.ReferenceQueue.poll()Ljava/lang/ref/Reference; @ 4
Event: 1.227 Thread 0x00000000210a9800 Uncommon trap: reason=class_check action=maybe_recompile pc=0x0000000002db2210 method=java.lang.String.equals(Ljava/lang/Object;)Z @ 8
Event: 1.227 Thread 0x00000000210a9800 Uncommon trap: reason=class_check action=maybe_recompile pc=0x0000000002db2210 method=java.lang.String.equals(Ljava/lang/Object;)Z @ 8
Event: 1.245 Thread 0x00000000210a9800 Uncommon trap: reason=unreached action=reinterpret pc=0x0000000003000f70 method=java.util.Date.normalize()Lsun/util/calendar/BaseCalendar$Date; @ 4
Event: 15.839 Thread 0x00000000210a9800 Uncommon trap: reason=class_check action=maybe_recompile pc=0x000000000328ac44 method=java.awt.Container.getMouseEventTargetImpl(IIZLjava/awt/Container$EventTargetFilter;ZZ)Ljava/awt/Component; @ 191

Internal exceptions (10 events):
Event: 1.256 Thread 0x00000000210a9800 Exception <a 'java/security/PrivilegedActionException'> (0x000000076ca80dd0) thrown at [C:\workspace\8-2-build-windows-amd64-cygwin\jdk8u31\2394\hotspot\src\share\vm\prims\jvm.cpp, line 1312]
Event: 1.256 Thread 0x00000000210a9800 Exception <a 'java/lang/ClassNotFoundException': View/CarroCustomizer> (0x000000076ca812f8) thrown at [C:\workspace\8-2-build-windows-amd64-cygwin\jdk8u31\2394\hotspot\src\share\vm\classfile\systemDictionary.cpp, line 202]
Event: 1.256 Thread 0x00000000210a9800 Exception <a 'java/security/PrivilegedActionException'> (0x000000076ca8f8d8) thrown at [C:\workspace\8-2-build-windows-amd64-cygwin\jdk8u31\2394\hotspot\src\share\vm\prims\jvm.cpp, line 1312]
Event: 1.256 Thread 0x00000000210a9800 Exception <a 'java/security/PrivilegedActionException'> (0x000000076ca911c0) thrown at [C:\workspace\8-2-build-windows-amd64-cygwin\jdk8u31\2394\hotspot\src\share\vm\prims\jvm.cpp, line 1312]
Event: 1.256 Thread 0x00000000210a9800 Exception <a 'java/lang/ClassNotFoundException': java/lang/ObjectCustomizer> (0x000000076ca916f8) thrown at [C:\workspace\8-2-build-windows-amd64-cygwin\jdk8u31\2394\hotspot\src\share\vm\classfile\systemDictionary.cpp, line 202]
Event: 1.256 Thread 0x00000000210a9800 Exception <a 'java/security/PrivilegedActionException'> (0x000000076ca96220) thrown at [C:\workspace\8-2-build-windows-amd64-cygwin\jdk8u31\2394\hotspot\src\share\vm\prims\jvm.cpp, line 1312]
Event: 1.256 Thread 0x00000000210a9800 Exception <a 'java/security/PrivilegedActionException'> (0x000000076ca97a10) thrown at [C:\workspace\8-2-build-windows-amd64-cygwin\jdk8u31\2394\hotspot\src\share\vm\prims\jvm.cpp, line 1312]
Event: 1.256 Thread 0x00000000210a9800 Exception <a 'java/security/PrivilegedActionException'> (0x000000076ca985e8) thrown at [C:\workspace\8-2-build-windows-amd64-cygwin\jdk8u31\2394\hotspot\src\share\vm\prims\jvm.cpp, line 1312]
Event: 1.256 Thread 0x00000000210a9800 Exception <a 'java/security/PrivilegedActionException'> (0x000000076ca99dd8) thrown at [C:\workspace\8-2-build-windows-amd64-cygwin\jdk8u31\2394\hotspot\src\share\vm\prims\jvm.cpp, line 1312]
Event: 1.257 Thread 0x00000000210a9800 Exception <a 'java/lang/ClassNotFoundException': View/CarroCustomizer> (0x000000076ca9a300) thrown at [C:\workspace\8-2-build-windows-amd64-cygwin\jdk8u31\2394\hotspot\src\share\vm\classfile\systemDictionary.cpp, line 202]

Events (10 events):
Event: 27.055 loading class java/util/concurrent/ConcurrentHashMap$Traverser
Event: 27.055 loading class java/util/concurrent/ConcurrentHashMap$Traverser done
Event: 27.055 loading class java/util/concurrent/ConcurrentHashMap$BaseIterator done
Event: 27.055 loading class java/util/concurrent/ConcurrentHashMap$KeyIterator done
Event: 27.065 loading class java/io/RandomAccessFile$1
Event: 27.065 loading class java/io/RandomAccessFile$1 done
Event: 27.071 loading class sun/font/SunFontManager$4
Event: 27.071 loading class sun/font/SunFontManager$4 done
Event: 30.103 Thread 0x00000000210a9800 DEOPT PACKING pc=0x00000000032d4be6 sp=0x0000000022ceb8c0
Event: 30.103 Thread 0x00000000210a9800 DEOPT UNPACKING pc=0x0000000002a971bf sp=0x0000000022ceb600 mode 0


Dynamic libraries:
0x00007ff7ae340000 - 0x00007ff7ae374000 	C:\Program Files\Java\jdk1.8.0_31\bin\java.exe
0x00007ffd80e70000 - 0x00007ffd81068000 	C:\Windows\SYSTEM32\ntdll.dll
0x00007ffd80c30000 - 0x00007ffd80cf1000 	C:\Windows\System32\KERNEL32.DLL
0x00007ffd7e680000 - 0x00007ffd7e97d000 	C:\Windows\System32\KERNELBASE.dll
0x00007ffd7ff90000 - 0x00007ffd80040000 	C:\Windows\System32\ADVAPI32.dll
0x00007ffd800c0000 - 0x00007ffd8015e000 	C:\Windows\System32\msvcrt.dll
0x00007ffd80850000 - 0x00007ffd808f0000 	C:\Windows\System32\sechost.dll
0x00007ffd80160000 - 0x00007ffd80283000 	C:\Windows\System32\RPCRT4.dll
0x00007ffd7ee70000 - 0x00007ffd7ee97000 	C:\Windows\System32\bcrypt.dll
0x00007ffd80980000 - 0x00007ffd80b1d000 	C:\Windows\System32\USER32.dll
0x00007ffd7e650000 - 0x00007ffd7e672000 	C:\Windows\System32\win32u.dll
0x00007ffd80d90000 - 0x00007ffd80dbb000 	C:\Windows\System32\GDI32.dll
0x00007ffd7ebe0000 - 0x00007ffd7ecf7000 	C:\Windows\System32\gdi32full.dll
0x00007ffd7e5b0000 - 0x00007ffd7e64d000 	C:\Windows\System32\msvcp_win.dll
0x00007ffd7ed70000 - 0x00007ffd7ee70000 	C:\Windows\System32\ucrtbase.dll
0x00007ffd6c160000 - 0x00007ffd6c3fa000 	C:\Windows\WinSxS\amd64_microsoft.windows.common-controls_6595b64144ccf1df_6.0.19041.4355_none_60b8b9eb71f62e16\COMCTL32.dll
0x00007ffd803b0000 - 0x00007ffd803df000 	C:\Windows\System32\IMM32.DLL
0x0000000050e10000 - 0x0000000050ee2000 	C:\Program Files\Java\jdk1.8.0_31\jre\bin\msvcr100.dll
0x0000000050ef0000 - 0x000000005174a000 	C:\Program Files\Java\jdk1.8.0_31\jre\bin\server\jvm.dll
0x00007ffd80970000 - 0x00007ffd80978000 	C:\Windows\System32\PSAPI.DLL
0x00007ffd74aa0000 - 0x00007ffd74ac7000 	C:\Windows\SYSTEM32\WINMM.dll
0x00007ffd5fab0000 - 0x00007ffd5fab9000 	C:\Windows\SYSTEM32\WSOCK32.dll
0x00007ffd80dc0000 - 0x00007ffd80e2b000 	C:\Windows\System32\WS2_32.dll
0x0000000050dc0000 - 0x0000000050dcf000 	C:\Program Files\Java\jdk1.8.0_31\jre\bin\verify.dll
0x0000000050d90000 - 0x0000000050db8000 	C:\Program Files\Java\jdk1.8.0_31\jre\bin\java.dll
0x0000000050d70000 - 0x0000000050d86000 	C:\Program Files\Java\jdk1.8.0_31\jre\bin\zip.dll
0x00007ffd7f200000 - 0x00007ffd7f96f000 	C:\Windows\System32\SHELL32.dll
0x00007ffd7c5c0000 - 0x00007ffd7cd63000 	C:\Windows\SYSTEM32\windows.storage.dll
0x00007ffd7eea0000 - 0x00007ffd7f1f3000 	C:\Windows\System32\combase.dll
0x00007ffd7df50000 - 0x00007ffd7df7e000 	C:\Windows\SYSTEM32\Wldp.dll
0x00007ffd7fd30000 - 0x00007ffd7fdfd000 	C:\Windows\System32\OLEAUT32.dll
0x00007ffd80300000 - 0x00007ffd803ad000 	C:\Windows\System32\SHCORE.dll
0x00007ffd7ff30000 - 0x00007ffd7ff85000 	C:\Windows\System32\shlwapi.dll
0x00007ffd7e450000 - 0x00007ffd7e474000 	C:\Windows\SYSTEM32\profapi.dll
0x0000000050b90000 - 0x0000000050d28000 	C:\Program Files\Java\jdk1.8.0_31\jre\bin\awt.dll
0x00007ffd7b7e0000 - 0x00007ffd7b874000 	C:\Windows\SYSTEM32\apphelp.dll
0x00007ffd7bed0000 - 0x00007ffd7bf6e000 	C:\Windows\system32\uxtheme.dll
0x00007ffd7fb30000 - 0x00007ffd7fc45000 	C:\Windows\System32\MSCTF.dll
0x00007ffd7fe00000 - 0x00007ffd7ff2b000 	C:\Windows\System32\ole32.dll
0x00007ffd7c3c0000 - 0x00007ffd7c3d2000 	C:\Windows\SYSTEM32\kernel.appcore.dll
0x00007ffd7e520000 - 0x00007ffd7e5a2000 	C:\Windows\System32\bcryptPrimitives.dll
0x00007ffd7c1e0000 - 0x00007ffd7c20f000 	C:\Windows\system32\DWMAPI.DLL
0x0000000050b40000 - 0x0000000050b87000 	C:\Program Files\Java\jdk1.8.0_31\jre\bin\fontmanager.dll
0x00007ffd59940000 - 0x00007ffd59b10000 	C:\Windows\system32\d3d9.dll
0x00007ffd74090000 - 0x00007ffd74151000 	C:\Windows\System32\DriverStore\FileRepository\nv_dispi.inf_amd64_dcf94619172aceb0\nvldumdx.dll
0x00007ffd77e60000 - 0x00007ffd77e6a000 	C:\Windows\SYSTEM32\VERSION.dll
0x00007ffd7e0e0000 - 0x00007ffd7e0f2000 	C:\Windows\SYSTEM32\msasn1.dll
0x00007ffd77420000 - 0x00007ffd77451000 	C:\Windows\SYSTEM32\cryptnet.dll
0x00007ffd7ea80000 - 0x00007ffd7ebdc000 	C:\Windows\System32\CRYPT32.dll
0x00007ffd7dec0000 - 0x00007ffd7decc000 	C:\Windows\SYSTEM32\cryptbase.dll
0x00007ffd77890000 - 0x00007ffd779d7000 	C:\Windows\SYSTEM32\drvstore.dll
0x00007ffd7e2b0000 - 0x00007ffd7e2e3000 	C:\Windows\SYSTEM32\devobj.dll
0x00007ffd7e980000 - 0x00007ffd7e9ce000 	C:\Windows\System32\cfgmgr32.dll
0x00007ffd7ed00000 - 0x00007ffd7ed69000 	C:\Windows\System32\wintrust.dll
0x00007ffd800a0000 - 0x00007ffd800bd000 	C:\Windows\System32\imagehlp.dll
0x00007ffd7dea0000 - 0x00007ffd7deb8000 	C:\Windows\SYSTEM32\CRYPTSP.dll
0x00007ffd7d500000 - 0x00007ffd7d534000 	C:\Windows\system32\rsaenh.dll
0x00007ffd6f420000 - 0x00007ffd7140e000 	C:\Windows\System32\DriverStore\FileRepository\nv_dispi.inf_amd64_dcf94619172aceb0\nvgpucomp64.dll
0x00007ffcda250000 - 0x00007ffcdbce4000 	C:\Windows\System32\DriverStore\FileRepository\nv_dispi.inf_amd64_dcf94619172aceb0\nvd3dumx.dll
0x00007ffd13720000 - 0x00007ffd139f0000 	C:\Windows\system32\nvspcap64.dll
0x00007ffd7d7b0000 - 0x00007ffd7d7e3000 	C:\Windows\SYSTEM32\ntmarta.dll
0x00007ffd7cd80000 - 0x00007ffd7cda3000 	C:\Windows\SYSTEM32\gpapi.dll
0x00007ffd2f9f0000 - 0x00007ffd2fb45000 	C:\Windows\System32\DriverStore\FileRepository\nv_dispi.inf_amd64_dcf94619172aceb0\nvppex.dll
0x00007ffd75620000 - 0x00007ffd7565b000 	C:\Windows\SYSTEM32\dxcore.dll
0x0000000050ab0000 - 0x0000000050ad4000 	C:\Program Files\Java\jdk1.8.0_31\jre\bin\sunec.dll
0x0000000050d50000 - 0x0000000050d6a000 	C:\Program Files\Java\jdk1.8.0_31\jre\bin\net.dll
0x00007ffd7dcb0000 - 0x00007ffd7dd1a000 	C:\Windows\system32\mswsock.dll
0x00007ffd5a5f0000 - 0x00007ffd5a607000 	C:\Windows\system32\napinsp.dll
0x00007ffd5a5d0000 - 0x00007ffd5a5eb000 	C:\Windows\system32\pnrpnsp.dll
0x00007ffd5a5b0000 - 0x00007ffd5a5c5000 	C:\Windows\system32\wshbth.dll
0x00007ffd7b2d0000 - 0x00007ffd7b2ed000 	C:\Windows\system32\NLAapi.dll
0x00007ffd7d940000 - 0x00007ffd7d97b000 	C:\Windows\SYSTEM32\IPHLPAPI.DLL
0x00007ffd7d980000 - 0x00007ffd7da4a000 	C:\Windows\SYSTEM32\DNSAPI.dll
0x00007ffd802f0000 - 0x00007ffd802f8000 	C:\Windows\System32\NSI.dll
0x00007ffd5a3f0000 - 0x00007ffd5a402000 	C:\Windows\System32\winrnr.dll
0x00007ffd72c20000 - 0x00007ffd72c2a000 	C:\Windows\System32\rasadhlp.dll
0x00007ffd73040000 - 0x00007ffd730c0000 	C:\Windows\System32\fwpuclnt.dll
0x00007ffd80b80000 - 0x00007ffd80c29000 	C:\Windows\System32\clbcatq.dll
0x00007ffd7bcc0000 - 0x00007ffd7be76000 	C:\Windows\SYSTEM32\WindowsCodecs.dll
0x00007ffd587c0000 - 0x00007ffd587fe000 	C:\Windows\system32\dataexchange.dll
0x00007ffd79c00000 - 0x00007ffd79e63000 	C:\Windows\system32\d3d11.dll
0x00007ffd7a6e0000 - 0x00007ffd7a8c4000 	C:\Windows\system32\dcomp.dll
0x00007ffd7cdb0000 - 0x00007ffd7cea6000 	C:\Windows\system32\dxgi.dll
0x00007ffd7b4e0000 - 0x00007ffd7b6e3000 	C:\Windows\system32\twinapi.appcore.dll
0x0000000050d30000 - 0x0000000050d41000 	C:\Program Files\Java\jdk1.8.0_31\jre\bin\nio.dll
0x0000000050af0000 - 0x0000000050b31000 	C:\Program Files\Java\jdk1.8.0_31\jre\bin\t2k.dll
0x00007ffd57d40000 - 0x00007ffd57e39000 	C:\Windows\SYSTEM32\textinputframework.dll
0x00007ffd7ad70000 - 0x00007ffd7b0cb000 	C:\Windows\System32\CoreUIComponents.dll
0x00007ffd7b0d0000 - 0x00007ffd7b1c2000 	C:\Windows\System32\CoreMessaging.dll
0x00007ffd7a430000 - 0x00007ffd7a587000 	C:\Windows\SYSTEM32\wintypes.dll
0x0000000050a80000 - 0x0000000050aaa000 	C:\Program Files\Java\jdk1.8.0_31\jre\bin\dcpr.dll

VM Arguments:
jvm_args: -Dfile.encoding=UTF-8 
java_command: View.Menu_GUI
java_class_path (initial): F:\2ESPF\java\aula1\Estacionamento2\DB\mysql-connector-java-5.1.16-bin.jar;C:\Program Files\NetBeans 8.0.2\java\modules\ext\eclipselink\eclipselink.jar;C:\Program Files\NetBeans 8.0.2\java\modules\ext\eclipselink\javax.persistence_2.1.0.v201304241213.jar;C:\Program Files\NetBeans 8.0.2\java\modules\ext\eclipselink\org.eclipse.persistence.jpa.jpql_2.5.2.v20140319-9ad6abd.jar;C:\Program Files\NetBeans 8.0.2\java\modules\ext\beansbinding-1.2.1.jar;F:\2ESPF\java\aula1\Estacionamento2\build\classes
Launcher Type: SUN_STANDARD

Environment Variables:
PATH=C:\app\rodri\product\21c\dbhomeXE\bin;C:\ProgramData\Oracle\Java\javapath;C:\Windows\system32;C:\Windows;C:\Windows\System32\Wbem;C:\Windows\System32\WindowsPowerShell\v1.0\;C:\Windows\System32\OpenSSH\;C:\Program Files\NVIDIA Corporation\NVIDIA NvDLISR;C:\Program Files (x86)\NVIDIA Corporation\PhysX\Common;C:\Program Files\Git\cmd;C:\Users\rodri\AppData\Local\Programs\Python\Python312\Scripts\;C:\Users\rodri\AppData\Local\Programs\Python\Python312\;C:\Users\rodri\AppData\Local\Microsoft\WindowsApps;C:\Users\rodri\AppData\Local\Programs\Microsoft VS Code\bin
USERNAME=rodri
OS=Windows_NT
PROCESSOR_IDENTIFIER=AMD64 Family 25 Model 80 Stepping 0, AuthenticAMD



---------------  S Y S T E M  ---------------

OS: Windows 8.1 , 64 bit Build 9600 

CPU:total 16 (16 cores per cpu, 1 threads per core) family 25 model 80 stepping 0, cmov, cx8, fxsr, mmx, sse, sse2, sse3, ssse3, sse4.1, sse4.2, popcnt, avx, avx2, aes, clmul, erms, mmxext, 3dnowpref, lzcnt, sse4a, tsc, tscinvbit, tscinv, bmi1

Memory: 4k page, physical 16643056k(6084380k free), swap 18740208k(3456k free)

vm_info: Java HotSpot(TM) 64-Bit Server VM (25.31-b07) for windows-amd64 JRE (1.8.0_31-b13), built on Dec 17 2014 21:00:28 by "java_re" with MS VC++ 10.0 (VS2010)

time: Wed Sep 25 20:57:18 2024
elapsed time: 30 seconds (0d 0h 0m 30s)

