JvmtiExport can_access_local_variables 0
JvmtiExport can_hotswap_or_post_breakpoint 0
JvmtiExport can_post_on_exceptions 0
# 189 ciObject found
ciMethod sun/util/calendar/Gregorian getCalendarDate (JLsun/util/calendar/CalendarDate;)Lsun/util/calendar/Gregorian$Date; 3073 1 5465 0 0
ciMethod sun/util/calendar/Gregorian getCalendarDate (JLsun/util/calendar/CalendarDate;)Lsun/util/calendar/CalendarDate; 3073 1 5465 0 0
ciMethod sun/util/calendar/BaseCalendar normalizeMonth (Lsun/util/calendar/CalendarDate;)V 3073 1 5388 0 0
ciMethod sun/util/calendar/BaseCalendar getDayOfYear (III)J 1889 1 5406 0 0
ciMethod sun/util/calendar/BaseCalendar getFixedDate (Lsun/util/calendar/CalendarDate;)J 3073 1 5387 0 0
ciMethod sun/util/calendar/BaseCalendar getFixedDate (IIILsun/util/calendar/BaseCalendar$Date;)J 2049 1 5408 0 0
ciMethod sun/util/calendar/BaseCalendar getCalendarDateFromFixedDate (Lsun/util/calendar/CalendarDate;J)V 2049 1 5499 0 0
ciMethod sun/util/calendar/BaseCalendar getDayOfWeekFromFixedDate (J)I 2049 1 5500 0 0
ciMethod sun/util/calendar/BaseCalendar getGregorianYearFromFixedDate (J)I 81 1 10 0 0
ciMethod sun/util/calendar/BaseCalendar isLeapYear (I)Z 2065 1 21629 0 0
ciMethod sun/util/calendar/AbstractCalendar getCalendarDate (JLsun/util/calendar/CalendarDate;)Lsun/util/calendar/CalendarDate; 3073 1 5384 0 0
ciMethod sun/util/calendar/AbstractCalendar getTime (Lsun/util/calendar/CalendarDate;)J 2065 1 5380 0 -1
ciMethod sun/util/calendar/AbstractCalendar getTimeOfDay (Lsun/util/calendar/CalendarDate;)J 3073 1 5384 0 0
ciMethod sun/util/calendar/AbstractCalendar getTimeOfDayValue (Lsun/util/calendar/CalendarDate;)J 3073 1 5448 0 0
ciMethod sun/util/calendar/AbstractCalendar setTimeOfDay (Lsun/util/calendar/CalendarDate;I)Lsun/util/calendar/CalendarDate; 3073 1 5465 0 -1
ciMethod sun/util/calendar/AbstractCalendar isLeapYear (Lsun/util/calendar/CalendarDate;)Z 0 0 1 0 -1
ciMethod sun/util/calendar/AbstractCalendar getFixedDate (Lsun/util/calendar/CalendarDate;)J 0 0 1 0 -1
ciMethod sun/util/calendar/AbstractCalendar getCalendarDateFromFixedDate (Lsun/util/calendar/CalendarDate;J)V 0 0 1 0 -1
ciMethod java/util/TimeZone getOffset (J)I 0 0 1 0 -1
ciMethod java/util/TimeZone getRawOffset ()I 0 0 1 0 -1
ciMethod sun/util/calendar/ZoneInfo getOffsets (J[I)I 2049 1 5463 0 0
ciMethod sun/util/calendar/ZoneInfo getOffsetsByStandard (J[I)I 0 0 1 0 0
ciMethod sun/util/calendar/ZoneInfo getOffsetsByWall (J[I)I 3073 1 5373 0 0
ciMethod sun/util/calendar/ZoneInfo getOffsets (J[II)I 2049 1 5576 0 1568
ciMethod sun/util/calendar/ZoneInfo getTransitionIndex (JI)I 2049 14337 2402 0 864
ciMethod sun/util/calendar/ZoneInfo getLastRawOffset ()I 0 0 1 0 0
ciMethod sun/util/calendar/ZoneInfo getLastRule ()Ljava/util/SimpleTimeZone; 0 0 1 0 0
ciMethod sun/util/calendar/ZoneInfo getLastRuleInstance ()Ljava/util/SimpleTimeZone; 0 0 1 0 -1
ciMethod sun/util/calendar/Gregorian$Date getNormalizedYear ()I 2065 1 5486 0 32
ciMethod sun/util/calendar/Gregorian$Date setNormalizedYear (I)V 2049 1 5402 0 64
ciMethod sun/util/calendar/BaseCalendar$Date getNormalizedYear ()I 0 0 1 0 -1
ciMethod sun/util/calendar/BaseCalendar$Date setNormalizedYear (I)V 0 0 1 0 -1
ciMethod sun/util/calendar/BaseCalendar$Date hit (I)Z 1969 1 5416 0 0
ciMethod sun/util/calendar/BaseCalendar$Date hit (J)Z 2049 1 5500 0 0
ciMethod sun/util/calendar/BaseCalendar$Date getCachedYear ()I 1025 1 128 0 0
ciMethod sun/util/calendar/BaseCalendar$Date getCachedJan1 ()J 1969 1 5417 0 0
ciMethod sun/util/calendar/BaseCalendar$Date setCache (IJI)V 1969 1 5414 0 0
ciMethod sun/util/calendar/CalendarDate getYear ()I 1025 1 128 0 0
ciMethod sun/util/calendar/CalendarDate setYear (I)Lsun/util/calendar/CalendarDate; 2049 1 5414 0 -1
ciMethod sun/util/calendar/CalendarDate setLeapYear (Z)V 3073 1 10940 0 -1
ciMethod sun/util/calendar/CalendarDate getMonth ()I 1033 1 129 0 0
ciMethod sun/util/calendar/CalendarDate setMonth (I)Lsun/util/calendar/CalendarDate; 2065 1 10794 0 0
ciMethod sun/util/calendar/CalendarDate getDayOfMonth ()I 1073 1 134 0 0
ciMethod sun/util/calendar/CalendarDate setDayOfMonth (I)Lsun/util/calendar/CalendarDate; 3073 1 10990 0 -1
ciMethod sun/util/calendar/CalendarDate getHours ()I 1025 1 128 0 0
ciMethod sun/util/calendar/CalendarDate getMinutes ()I 1025 1 128 0 0
ciMethod sun/util/calendar/CalendarDate getSeconds ()I 1025 1 128 0 0
ciMethod sun/util/calendar/CalendarDate getMillis ()I 1025 1 128 0 0
ciMethod sun/util/calendar/CalendarDate getTimeOfDay ()J 3073 1 5448 0 0
ciMethod sun/util/calendar/CalendarDate setTimeOfDay (J)V 3073 1 10896 0 0
ciMethod sun/util/calendar/CalendarDate isNormalized ()Z 1057 1 132 0 0
ciMethod sun/util/calendar/CalendarDate isStandardTime ()Z 1025 1 128 0 0
ciMethod sun/util/calendar/CalendarDate getZone ()Ljava/util/TimeZone; 1025 1 128 0 0
ciMethod sun/util/calendar/CalendarDate setDayOfWeek (I)V 2057 1 5500 0 -1
ciMethod sun/util/calendar/CalendarDate setNormalized (Z)V 2049 1 16405 0 -1
ciMethod sun/util/calendar/CalendarDate getZoneOffset ()I 0 0 1 0 0
ciMethod sun/util/calendar/CalendarDate setZoneOffset (I)V 3073 1 5465 0 0
ciMethod sun/util/calendar/CalendarDate setDaylightSaving (I)V 3073 1 5465 0 0
ciMethod sun/util/calendar/CalendarUtils isGregorianLeapYear (I)Z 2065 1 21657 0 0
ciMethod sun/util/calendar/CalendarUtils floorDivide (JJ)J 0 0 1 0 0
ciMethod sun/util/calendar/CalendarUtils floorDivide (II)I 0 0 1 0 0
ciMethod sun/util/calendar/CalendarUtils mod (JJ)J 0 0 1 0 0
ciMethod sun/util/calendar/CalendarUtils mod (II)I 0 0 1 0 -1
ciMethodData sun/util/calendar/BaseCalendar isLeapYear (I)Z 2 21661 orig 264 104 158 74 81 0 0 0 0 216 249 131 28 0 0 0 0 96 1 0 0 0 0 0 0 0 0 0 0 0 0 0 0 0 0 0 0 0 0 0 0 0 0 0 0 0 0 0 0 0 0 0 0 0 0 0 0 0 0 0 0 0 0 0 0 0 0 0 0 0 0 0 0 0 0 0 0 0 0 0 0 77 68 79 32 101 120 116 114 97 32 100 97 116 97 32 108 111 99 107 0 0 0 0 0 0 0 0 0 0 0 0 0 0 0 0 0 0 0 0 0 0 0 0 0 0 0 0 0 0 0 0 0 0 0 0 0 0 0 0 0 0 0 0 0 0 0 0 0 0 0 0 0 0 0 0 0 0 0 0 0 0 0 0 0 0 0 0 0 0 0 0 0 0 0 0 0 0 0 0 0 0 0 0 0 0 0 0 0 0 0 0 0 0 0 0 0 0 0 0 0 0 0 0 0 0 0 0 0 0 0 0 0 0 0 0 0 2 1 0 0 217 156 2 0 1 0 0 0 0 0 0 0 0 0 0 0 2 0 0 0 0 0 13 0 3 0 1 0 16 0 0 0 255 255 255 255 2 0 1 0 0 0 0 0 data 2 0x10002 0x539b oops 0
ciMethodData sun/util/calendar/CalendarUtils isGregorianLeapYear (I)Z 2 21661 orig 264 104 158 74 81 0 0 0 0 80 187 133 28 0 0 0 0 152 1 0 0 64 0 0 0 0 0 0 0 0 0 0 0 0 0 0 0 0 0 0 0 0 0 0 0 0 0 0 0 0 0 0 0 0 0 0 0 0 0 0 0 0 0 0 0 0 0 0 0 0 0 0 0 0 0 0 0 0 0 0 0 77 68 79 32 101 120 116 114 97 32 100 97 116 97 32 108 111 99 107 0 0 0 0 0 0 0 0 0 0 0 0 0 0 0 0 0 0 0 0 0 0 0 0 0 0 0 0 0 0 0 0 0 0 0 0 0 0 0 0 0 0 0 0 0 0 0 0 0 0 0 0 0 0 0 0 0 0 0 0 0 0 0 0 0 0 0 0 0 0 0 0 0 0 0 0 0 0 0 0 0 0 0 0 0 0 0 0 0 0 0 0 0 0 0 0 0 0 0 0 0 0 0 0 0 0 0 0 0 0 0 0 0 0 0 0 0 2 1 0 0 217 156 2 0 1 0 0 0 0 0 0 0 0 0 0 0 2 0 0 0 0 0 12 0 3 0 1 0 120 0 0 0 255 255 255 255 7 0 3 0 0 0 0 0 data 15 0x30007 0x4f04 0x78 0x497 0xa0007 0x493 0x40 0x4 0x120007 0x0 0x38 0x4 0x160003 0x497 0x18 oops 0
ciMethodData sun/util/calendar/Gregorian$Date getNormalizedYear ()I 2 5486 orig 264 104 158 74 81 0 0 0 0 176 114 133 28 0 0 0 0 120 1 0 0 0 0 0 0 0 0 0 0 0 0 0 0 0 0 0 0 0 0 0 0 0 0 0 0 0 0 0 0 0 0 0 0 0 0 0 0 0 0 0 0 0 0 0 0 0 0 0 0 0 0 0 0 0 0 0 0 0 0 0 0 77 68 79 32 101 120 116 114 97 32 100 97 116 97 32 108 111 99 107 0 0 0 0 0 0 0 0 0 0 0 0 0 0 0 0 0 0 0 0 0 0 0 0 0 0 0 0 0 0 0 0 0 0 0 0 0 0 0 0 0 0 0 0 0 0 0 0 0 0 0 0 0 0 0 0 0 0 0 0 0 0 0 0 0 0 0 0 0 0 0 0 0 0 0 0 0 0 0 0 0 0 0 0 0 0 0 0 0 0 0 0 0 0 0 0 0 0 0 0 0 0 0 0 0 0 0 0 0 0 0 0 0 0 0 0 0 2 1 0 0 97 163 0 0 1 0 0 0 0 0 0 0 0 0 0 0 2 0 0 0 0 0 3 0 4 0 1 0 48 0 0 0 255 255 255 255 5 0 1 0 0 0 0 0 data 6 0x10005 0x0 0x21669810 0x146c 0x0 0x0 oops 1